# JRE version: OpenJDK Runtime Environment Temurin-17.0.10+7 (17.0.10+7) (build 17.0.10+7)
# Java VM: OpenJDK 64-Bit Server VM Temurin-17.0.10+7 (17.0.10+7, mixed mode, tiered, compressed oops, compressed class ptrs, g1 gc, windows-amd64)
GC Precious Log:
 CPUs: 8 total, 8 available
 Memory: 32451M
 Large Page Support: Disabled
 NUMA Support: Disabled
 Compressed Oops: Enabled (Zero based)
 Heap Region Size: 4M
 Heap Min Capacity: 8M
 Heap Initial Capacity: 508M
 Heap Max Capacity: 8116M
 Pre-touch: Disabled
 Parallel Workers: 8
 Concurrent Workers: 2
 Concurrent Refinement Workers: 8
 Periodic GC: Disabled
Heap:
 garbage-first heap   total 520192K, used 177667K [0x0000000604c00000, 0x0000000800000000)
  region size 4096K, 2 young (8192K), 2 survivors (8192K)
 Metaspace       used 15507K, committed 15744K, reserved 1114112K
  class space    used 1457K, committed 1536K, reserved 1048576K
GC Heap History (11 events):
Event: 11118.224 GC heap before
{Heap before GC invocations=0 (full 0):
 garbage-first heap   total 520192K, used 20480K [0x0000000604c00000, 0x0000000800000000)
  region size 4096K, 6 young (24576K), 0 survivors (0K)
 Metaspace       used 15457K, committed 15680K, reserved 1114112K
  class space    used 1457K, committed 1536K, reserved 1048576K
}
Event: 11118.907 GC heap after
{Heap after GC invocations=1 (full 0):
 garbage-first heap   total 520192K, used 9952K [0x0000000604c00000, 0x0000000800000000)
  region size 4096K, 1 young (4096K), 1 survivors (4096K)
 Metaspace       used 15457K, committed 15680K, reserved 1114112K
  class space    used 1457K, committed 1536K, reserved 1048576K
}
Event: 11118.940 GC heap before
{Heap before GC invocations=1 (full 0):
 garbage-first heap   total 520192K, used 26336K [0x0000000604c00000, 0x0000000800000000)
  region size 4096K, 6 young (24576K), 1 survivors (4096K)
 Metaspace       used 15468K, committed 15680K, reserved 1114112K
  class space    used 1457K, committed 1536K, reserved 1048576K
}
Event: 11118.950 GC heap after
{Heap after GC invocations=2 (full 0):
 garbage-first heap   total 520192K, used 30183K [0x0000000604c00000, 0x0000000800000000)
  region size 4096K, 1 young (4096K), 1 survivors (4096K)
 Metaspace       used 15468K, committed 15680K, reserved 1114112K
  class space    used 1457K, committed 1536K, reserved 1048576K
}
Event: 11118.957 GC heap before
{Heap before GC invocations=2 (full 0):
 garbage-first heap   total 520192K, used 46567K [0x0000000604c00000, 0x0000000800000000)
  region size 4096K, 6 young (24576K), 1 survivors (4096K)
 Metaspace       used 15477K, committed 15680K, reserved 1114112K
  class space    used 1457K, committed 1536K, reserved 1048576K
}
Event: 11118.967 GC heap after
{Heap after GC invocations=3 (full 0):
 garbage-first heap   total 520192K, used 50807K [0x0000000604c00000, 0x0000000800000000)
  region size 4096K, 1 young (4096K), 1 survivors (4096K)
 Metaspace       used 15477K, committed 15680K, reserved 1114112K
  class space    used 1457K, committed 1536K, reserved 1048576K
}
Event: 11119.198 GC heap before
{Heap before GC invocations=3 (full 0):
 garbage-first heap   total 520192K, used 91767K [0x0000000604c00000, 0x0000000800000000)
  region size 4096K, 7 young (28672K), 1 survivors (4096K)
 Metaspace       used 15506K, committed 15744K, reserved 1114112K
  class space    used 1457K, committed 1536K, reserved 1048576K
}
Event: 11119.210 GC heap after
{Heap after GC invocations=4 (full 0):
 garbage-first heap   total 520192K, used 95696K [0x0000000604c00000, 0x0000000800000000)
  region size 4096K, 1 young (4096K), 1 survivors (4096K)
 Metaspace       used 15506K, committed 15744K, reserved 1114112K
  class space    used 1457K, committed 1536K, reserved 1048576K
}
Event: 11119.225 GC heap before
{Heap before GC invocations=4 (full 0):
 garbage-first heap   total 520192K, used 128464K [0x0000000604c00000, 0x0000000800000000)
  region size 4096K, 10 young (40960K), 1 survivors (4096K)
 Metaspace       used 15507K, committed 15744K, reserved 1114112K
  class space    used 1457K, committed 1536K, reserved 1048576K
}
Event: 11119.242 GC heap after
{Heap after GC invocations=5 (full 0):
 garbage-first heap   total 520192K, used 132778K [0x0000000604c00000, 0x0000000800000000)
  region size 4096K, 2 young (8192K), 2 survivors (8192K)
 Metaspace       used 15507K, committed 15744K, reserved 1114112K
  class space    used 1457K, committed 1536K, reserved 1048576K
}
Event: 11119.266 GC heap before
{Heap before GC invocations=5 (full 0):
 garbage-first heap   total 520192K, used 173738K [0x0000000604c00000, 0x0000000800000000)
  region size 4096K, 13 young (53248K), 2 survivors (8192K)
 Metaspace       used 15507K, committed 15744K, reserved 1114112K
  class space    used 1457K, committed 1536K, reserved 1048576K
}

