# JRE version: OpenJDK Runtime Environment Temurin-17.0.10+7 (17.0.10+7) (build 17.0.10+7)
# Java VM: OpenJDK 64-Bit Server VM Temurin-17.0.10+7 (17.0.10+7, mixed mode, tiered, compressed oops, compressed class ptrs, g1 gc, windows-amd64)
GC Precious Log:
 CPUs: 8 total, 8 available
 Memory: 32451M
 Large Page Support: Disabled
 NUMA Support: Disabled
 Compressed Oops: Enabled (Zero based)
 Heap Region Size: 4M
 Heap Min Capacity: 8M
 Heap Initial Capacity: 508M
 Heap Max Capacity: 8116M
 Pre-touch: Disabled
 Parallel Workers: 8
 Concurrent Workers: 2
 Concurrent Refinement Workers: 8
 Periodic GC: Disabled
Heap:
 garbage-first heap   total 520192K, used 161864K [0x0000000604c00000, 0x0000000800000000)
  region size 4096K, 2 young (8192K), 2 survivors (8192K)
 Metaspace       used 16165K, committed 16320K, reserved 1114112K
  class space    used 1561K, committed 1600K, reserved 1048576K
GC Heap History (11 events):
Event: 11798.431 GC heap before
{Heap before GC invocations=0 (full 0):
 garbage-first heap   total 520192K, used 20480K [0x0000000604c00000, 0x0000000800000000)
  region size 4096K, 6 young (24576K), 0 survivors (0K)
 Metaspace       used 16116K, committed 16256K, reserved 1114112K
  class space    used 1561K, committed 1600K, reserved 1048576K
}
Event: 11800.181 GC heap after
{Heap after GC invocations=1 (full 0):
 garbage-first heap   total 520192K, used 6169K [0x0000000604c00000, 0x0000000800000000)
  region size 4096K, 1 young (4096K), 1 survivors (4096K)
 Metaspace       used 16116K, committed 16256K, reserved 1114112K
  class space    used 1561K, committed 1600K, reserved 1048576K
}
Event: 11800.218 GC heap before
{Heap before GC invocations=1 (full 0):
 garbage-first heap   total 520192K, used 22553K [0x0000000604c00000, 0x0000000800000000)
  region size 4096K, 6 young (24576K), 1 survivors (4096K)
 Metaspace       used 16125K, committed 16320K, reserved 1114112K
  class space    used 1561K, committed 1600K, reserved 1048576K
}
Event: 11800.228 GC heap after
{Heap after GC invocations=2 (full 0):
 garbage-first heap   total 520192K, used 26709K [0x0000000604c00000, 0x0000000800000000)
  region size 4096K, 1 young (4096K), 1 survivors (4096K)
 Metaspace       used 16125K, committed 16320K, reserved 1114112K
  class space    used 1561K, committed 1600K, reserved 1048576K
}
Event: 11800.235 GC heap before
{Heap before GC invocations=2 (full 0):
 garbage-first heap   total 520192K, used 43093K [0x0000000604c00000, 0x0000000800000000)
  region size 4096K, 6 young (24576K), 1 survivors (4096K)
 Metaspace       used 16128K, committed 16320K, reserved 1114112K
  class space    used 1561K, committed 1600K, reserved 1048576K
}
Event: 11800.243 GC heap after
{Heap after GC invocations=3 (full 0):
 garbage-first heap   total 520192K, used 47042K [0x0000000604c00000, 0x0000000800000000)
  region size 4096K, 1 young (4096K), 1 survivors (4096K)
 Metaspace       used 16128K, committed 16320K, reserved 1114112K
  class space    used 1561K, committed 1600K, reserved 1048576K
}
Event: 11800.261 GC heap before
{Heap before GC invocations=3 (full 0):
 garbage-first heap   total 520192K, used 71618K [0x0000000604c00000, 0x0000000800000000)
  region size 4096K, 8 young (32768K), 1 survivors (4096K)
 Metaspace       used 16164K, committed 16320K, reserved 1114112K
  class space    used 1561K, committed 1600K, reserved 1048576K
}
Event: 11800.274 GC heap after
{Heap after GC invocations=4 (full 0):
 garbage-first heap   total 520192K, used 75714K [0x0000000604c00000, 0x0000000800000000)
  region size 4096K, 1 young (4096K), 1 survivors (4096K)
 Metaspace       used 16164K, committed 16320K, reserved 1114112K
  class space    used 1561K, committed 1600K, reserved 1048576K
}
Event: 11800.965 GC heap before
{Heap before GC invocations=4 (full 0):
 garbage-first heap   total 520192K, used 108482K [0x0000000604c00000, 0x0000000800000000)
  region size 4096K, 10 young (40960K), 1 survivors (4096K)
 Metaspace       used 16165K, committed 16320K, reserved 1114112K
  class space    used 1561K, committed 1600K, reserved 1048576K
}
Event: 11800.982 GC heap after
{Heap after GC invocations=5 (full 0):
 garbage-first heap   total 520192K, used 112702K [0x0000000604c00000, 0x0000000800000000)
  region size 4096K, 2 young (8192K), 2 survivors (8192K)
 Metaspace       used 16165K, committed 16320K, reserved 1114112K
  class space    used 1561K, committed 1600K, reserved 1048576K
}
Event: 11800.997 GC heap before
{Heap before GC invocations=5 (full 0):
 garbage-first heap   total 520192K, used 157758K [0x0000000604c00000, 0x0000000800000000)
  region size 4096K, 14 young (57344K), 2 survivors (8192K)
 Metaspace       used 16165K, committed 16320K, reserved 1114112K
  class space    used 1561K, committed 1600K, reserved 1048576K
}

